Arguments: 
  /home/mabbadi/.nvm/versions/node/v18.12.1/bin/node /usr/share/yarn/bin/yarn.js es-update

PATH: 
  /home/mabbadi/.vscode-server/bin/7f329fe6c66b0f86ae1574c2911b681ad5a45d63/bin/remote-cli:/home/mabbadi/.nvm/versions/node/v18.12.1/bin:/usr/local/sbin:/usr/local/bin:/usr/sbin:/usr/bin:/sbin:/bin:/usr/games:/usr/local/games:/snap/bin:/home/mabbadi/.dotnet/tools

Yarn version: 
  1.22.19

Node version: 
  18.12.1

Platform: 
  linux x64

Trace: 
  SyntaxError: /home/mabbadi/Git/rtl_app/package.json: Unexpected token } in JSON at position 500
      at JSON.parse (<anonymous>)
      at /usr/share/yarn/lib/cli.js:1629:59
      at Generator.next (<anonymous>)
      at step (/usr/share/yarn/lib/cli.js:310:30)
      at /usr/share/yarn/lib/cli.js:321:13

npm manifest: 
  {
    "name": "rtl_app",
    "version": "1.0.0",
    "description": "",
    "main": "index.js",
    "scripts": {
      "db-drop": "CURRENT_UID=$(id -u):$(id -g) docker-compose run backend dotnet ef database drop",
      "db-update": "CURRENT_UID=$(id -u):$(id -g) docker-compose run backend dotnet ef database update",
      "es-drop": "CURRENT_UID=$(id -u):$(id -g) docker-compose run backend \"rtl_app.dll\" run es-drop",
      "es-update": "docker-compose exec dotnet sh -c \"dotnet \"rtl_app.dll\" es-update",  
    },
    "author": "",
    "license": "ISC"
  }

yarn manifest: 
  No manifest

Lockfile: 
  # THIS IS AN AUTOGENERATED FILE. DO NOT EDIT THIS FILE DIRECTLY.
  # yarn lockfile v1
